00:00:00.020500 main     VirtualBox COM Server 6.1.22 r144080 win.amd64 (Apr 28 2021 17:23:11) release log
00:00:00.021259 main     Log opened 2022-03-23T16:53:03.953535800Z
00:00:00.021263 main     Build Type: release
00:00:00.021297 main     OS Product: Windows 10
00:00:00.021300 main     OS Release: 10.0.19043
00:00:00.021301 main     OS Service Pack: 
00:00:00.193509 main     DMI Product Name: X555LAB
00:00:00.216007 main     DMI Product Version: 1.0       
00:00:00.216025 main     Firmware type: UEFI
00:00:00.216567 main     Secure Boot: VERR_PRIVILEGE_NOT_HELD
00:00:00.218223 main     Host RAM: 3998MB (3.9GB) total, 658MB available
00:00:00.218816 main     Executable: C:\Program Files\Oracle\VirtualBox\VBoxSVC.exe
00:00:00.218818 main     Process ID: 9604
00:00:00.218819 main     Package type: WINDOWS_64BITS_GENERIC
00:00:00.375463          VirtualBox: object creation starts
00:00:00.379129          Home directory: 'C:\Users\Aida\.VirtualBox'
00:00:00.379820          Installed Drivers:
00:00:00.390974            C:\WINDOWS\system32\DRIVERS\VBoxNetLwf.sys (Version: 6.1.22.44080)
00:00:00.392757            C:\WINDOWS\system32\DRIVERS\VBoxUSBMon.sys (Version: 6.1.22.44080)
00:00:00.394619            C:\WINDOWS\system32\DRIVERS\VBoxDrv.sys (Version: 6.1.22.44080)
00:00:00.447636          Loading settings file "C:\Users\Aida\.VirtualBox\VirtualBox.xml" with version "1.12-windows"
00:00:00.461410          usbLibGetDevices: Starting USB device enumeration
00:00:00.473954          Getting USB descriptor (id 0) failed (dwErr=31) on hub USB#ROOT_HUB30#4&7d2ba99&0&0#{f18a0e88-c30c-11d0-8815-00a0c906bed8} port 8
00:00:00.477607          usbLibGetDevices: Found 5 USB devices, 0 captured
00:00:00.692547          HostDnsMonitor: initializing
00:00:00.708864          HostDnsMonitor: updating information
00:00:00.710295          HostDnsMonitor: old information
00:00:00.710301            no server entries
00:00:00.710302            no domain set
00:00:00.710302            no search string entries
00:00:00.710313          HostDnsMonitor: new information
00:00:00.710314            server 1: 77.26.11.232
00:00:00.710315            server 2: 212.142.173.64
00:00:00.710316            server 3: 213.60.205.175
00:00:00.710316            domain: mundo-R.com
00:00:00.710317            no search string entries
00:00:00.727136          VD: VDInit finished with VINF_SUCCESS
00:00:00.757746          Loading settings file "C:\Users\Aida\VirtualBox VMs\EJ1AIDA\EJ1AIDA.vbox" with version "1.16-windows"
00:00:00.783439          Loading settings file "C:\Users\Aida\VirtualBox VMs\EJ4AIDA\EJ4AIDA.vbox" with version "1.16-windows"
00:00:00.796620          Loading settings file "C:\Users\Aida\VirtualBox VMs\EJ5AIDA_\EJ5AIDA_.vbox" with version "1.16-windows"
00:00:00.818690          Loading settings file "C:\Users\Aida\VirtualBox VMs\EJ6AIDA_\EJ6AIDA_.vbox" with version "1.16-windows"
00:00:00.829916          Loading settings file "C:\Users\Aida\VirtualBox VMs\Windows10_32\Windows10_32.vbox" with version "1.15-windows"
00:00:00.841128          Loading settings file "C:\Users\Aida\VirtualBox VMs\Windows7\Windows7.vbox" with version "1.15-windows"
00:00:00.855710          Loading settings file "C:\Users\Aida\VirtualBox VMs\Ubuntu 20\Ubuntu 20.vbox" with version "1.16-windows"
00:00:00.858235          VirtualBox: object created
00:00:30.207448          Saving settings file "C:\Users\Aida\.VirtualBox\VirtualBox.xml" with version "1.12-windows"
00:00:30.249727          Saving settings file "C:\Users\Aida\.VirtualBox\VirtualBox.xml" with version "1.12-windows"
00:00:34.240513          Launched VM: 55884656 pid: 3044 (0xbe4) frontend: GUI/Qt name: Ubuntu 20
00:00:41.855272          ERROR [COM]: aRC=VBOX_E_OBJECT_NOT_FOUND (0x80bb0001) aIID={70401eef-c8e9-466b-9660-45cb3e9979e4} aComponent={ExtPackManagerWrap} aText={No extension pack by the name 'Oracle VM VirtualBox Extension Pack' was found}, preserve=false aResultDetail=0
00:00:58.494042          Saving settings file "C:\Users\Aida\VirtualBox VMs\Ubuntu 20\Ubuntu 20.vbox" with version "1.16-windows"
00:06:07.643400 dns-monitor HostDnsMonitor: updating information
00:06:07.643778 dns-monitor HostDnsMonitor: unchanged
00:06:17.430411 USBPROXY usbLibGetDevices: Starting USB device enumeration
00:06:17.437853 USBPROXY Getting USB descriptor (id 0) failed (dwErr=31) on hub USB#ROOT_HUB30#4&7d2ba99&0&0#{f18a0e88-c30c-11d0-8815-00a0c906bed8} port 8
00:06:17.438506 USBPROXY usbLibGetDevices: Found 5 USB devices, 0 captured
00:36:08.711540 dns-monitor HostDnsMonitor: updating information
00:36:08.712194 dns-monitor HostDnsMonitor: unchanged
01:06:11.494946 dns-monitor HostDnsMonitor: updating information
01:06:11.510562 dns-monitor HostDnsMonitor: unchanged
01:07:47.830378 USBPROXY usbLibGetDevices: Starting USB device enumeration
01:07:47.838348 USBPROXY Getting USB descriptor (id 0) failed (dwErr=31) on hub USB#ROOT_HUB30#4&7d2ba99&0&0#{f18a0e88-c30c-11d0-8815-00a0c906bed8} port 5
01:07:47.839394 USBPROXY Getting USB descriptor (id 0) failed (dwErr=31) on hub USB#ROOT_HUB30#4&7d2ba99&0&0#{f18a0e88-c30c-11d0-8815-00a0c906bed8} port 8
01:07:47.842412 USBPROXY usbLibGetDevices: Found 5 USB devices, 0 captured
01:07:47.853062 USBPROXY USB: Unknown USB device detected (idVendor: 0x0bda, idProduct: 0x57b5)
01:14:04.865881 USBPROXY usbLibGetDevices: Starting USB device enumeration
01:14:04.871115 USBPROXY Getting USB descriptor (id 0) failed (dwErr=31) on hub USB#ROOT_HUB30#4&7d2ba99&0&0#{f18a0e88-c30c-11d0-8815-00a0c906bed8} port 5
01:14:04.872118 USBPROXY Getting USB descriptor (id 0) failed (dwErr=31) on hub USB#ROOT_HUB30#4&7d2ba99&0&0#{f18a0e88-c30c-11d0-8815-00a0c906bed8} port 8
01:14:04.873631 USBPROXY usbLibGetDevices: Found 5 USB devices, 0 captured
01:14:06.132790 USBPROXY usbLibGetDevices: Starting USB device enumeration
01:14:06.137008 USBPROXY Getting USB descriptor (id 0) failed (dwErr=31) on hub USB#ROOT_HUB30#4&7d2ba99&0&0#{f18a0e88-c30c-11d0-8815-00a0c906bed8} port 5
01:14:06.138267 USBPROXY Getting USB descriptor (id 0) failed (dwErr=31) on hub USB#ROOT_HUB30#4&7d2ba99&0&0#{f18a0e88-c30c-11d0-8815-00a0c906bed8} port 8
01:14:06.139072 USBPROXY usbLibGetDevices: Found 5 USB devices, 0 captured
01:24:27.507507 USBPROXY usbLibGetDevices: Starting USB device enumeration
01:24:27.724076 USBPROXY Getting USB descriptor (id 0) failed (dwErr=31) on hub USB#ROOT_HUB30#4&7d2ba99&0&0#{f18a0e88-c30c-11d0-8815-00a0c906bed8} port 8
01:24:27.724988 USBPROXY usbLibGetDevices: Found 5 USB devices, 0 captured
01:25:25.230837 USBPROXY usbLibGetDevices: Starting USB device enumeration
01:25:25.235929 USBPROXY Getting USB descriptor (id 0) failed (dwErr=31) on hub USB#ROOT_HUB30#4&7d2ba99&0&0#{f18a0e88-c30c-11d0-8815-00a0c906bed8} port 5
01:25:25.237067 USBPROXY Getting USB descriptor (id 0) failed (dwErr=31) on hub USB#ROOT_HUB30#4&7d2ba99&0&0#{f18a0e88-c30c-11d0-8815-00a0c906bed8} port 8
01:25:25.237807 USBPROXY usbLibGetDevices: Found 5 USB devices, 0 captured
01:25:25.237902 USBPROXY USB: Unknown USB device detected (idVendor: 0x0bda, idProduct: 0x57b5)
01:36:13.061986 dns-monitor HostDnsMonitor: updating information
01:36:13.062189 dns-monitor HostDnsMonitor: unchanged
01:37:52.216758          Saving settings file "C:\Users\Aida\VirtualBox VMs\Ubuntu 20\Ubuntu 20.vbox" with version "1.16-windows"
01:37:52.272315          ERROR [COM]: aRC=VBOX_E_IPRT_ERROR (0x80bb0005) aIID={85632c68-b5bb-4316-a900-5eb28d3413df} aComponent={MachineWrap} aText={Saved screenshot thumbnail data is not available (VERR_NOT_SUPPORTED)}, preserve=false aResultDetail=-37
01:37:52.368325          ERROR [COM]: aRC=VBOX_E_IPRT_ERROR (0x80bb0005) aIID={85632c68-b5bb-4316-a900-5eb28d3413df} aComponent={MachineWrap} aText={Saved screenshot thumbnail data is not available (VERR_NOT_SUPPORTED)}, preserve=false aResultDetail=-37
01:37:52.776526 SaveState Saving settings file "C:\Users\Aida\VirtualBox VMs\Ubuntu 20\Ubuntu 20.vbox" with version "1.16-windows"
01:38:09.032681          Saving settings file "C:\Users\Aida\.VirtualBox\VirtualBox.xml" with version "1.12-windows"
01:38:09.055540          Saving settings file "C:\Users\Aida\.VirtualBox\VirtualBox.xml" with version "1.12-windows"
01:38:09.099474          Saving settings file "C:\Users\Aida\.VirtualBox\VirtualBox.xml" with version "1.12-windows"
01:38:14.654717 main     VirtualBox: object deletion starts
01:38:14.654819 main     ERROR [COM]: aRC=VBOX_E_OBJECT_IN_USE (0x80bb000c) aIID={ad47ad09-787b-44ab-b343-a082a3f2dfb1} aComponent={MediumWrap} aText={Medium 'C:\Users\Aida\VirtualBox VMs\EJ1AIDA\Snapshots/{b6f6678d-42f4-448d-a867-856ffdc0fa8b}.vdi' cannot be closed because it is still attached to 1 virtual machines}, preserve=false aResultDetail=0
01:38:14.655455 main     ERROR [COM]: aRC=VBOX_E_OBJECT_IN_USE (0x80bb000c) aIID={ad47ad09-787b-44ab-b343-a082a3f2dfb1} aComponent={MediumWrap} aText={Medium 'C:\Users\Aida\VirtualBox VMs\EJ1AIDA\Snapshots/{80fa03c1-5d4e-4fb9-ba48-2158d4106cb6}.vdi' cannot be closed because it is still attached to 1 virtual machines}, preserve=false aResultDetail=0
01:38:14.655501 main     ERROR [COM]: aRC=VBOX_E_OBJECT_IN_USE (0x80bb000c) aIID={ad47ad09-787b-44ab-b343-a082a3f2dfb1} aComponent={MediumWrap} aText={Medium 'C:\Users\Aida\VirtualBox VMs\EJ1AIDA\Snapshots/{e92584ad-a23a-497d-8dfc-16f998a20477}.vdi' cannot be closed because it is still attached to 1 virtual machines}, preserve=false aResultDetail=0
01:38:14.655543 main     ERROR [COM]: aRC=VBOX_E_OBJECT_IN_USE (0x80bb000c) aIID={ad47ad09-787b-44ab-b343-a082a3f2dfb1} aComponent={MediumWrap} aText={Medium 'C:\Users\Aida\VirtualBox VMs\EJ1AIDA\Snapshots/{9d7235dc-4cfd-415c-bb10-52af62acb54c}.vdi' cannot be closed because it is still attached to 1 virtual machines}, preserve=false aResultDetail=0
01:38:14.655575 main     ERROR [COM]: aRC=VBOX_E_OBJECT_IN_USE (0x80bb000c) aIID={ad47ad09-787b-44ab-b343-a082a3f2dfb1} aComponent={MediumWrap} aText={Medium 'C:\Users\Aida\VirtualBox VMs\EJ1AIDA\Snapshots/{c50f6b8c-07db-449e-ae36-f97322428d7c}.vdi' cannot be closed because it is still attached to 1 virtual machines}, preserve=false aResultDetail=0
01:38:14.655606 main     ERROR [COM]: aRC=VBOX_E_OBJECT_IN_USE (0x80bb000c) aIID={ad47ad09-787b-44ab-b343-a082a3f2dfb1} aComponent={MediumWrap} aText={Medium 'C:\Users\Aida\VirtualBox VMs\EJ1AIDA\EJ1AIDA.vdi' cannot be closed because it is still attached to 1 virtual machines}, preserve=false aResultDetail=0
01:38:14.670665 main     ERROR [COM]: aRC=VBOX_E_OBJECT_IN_USE (0x80bb000c) aIID={ad47ad09-787b-44ab-b343-a082a3f2dfb1} aComponent={MediumWrap} aText={Medium 'C:\Users\Aida\VirtualBox VMs\EJ4AIDA\EJ4AIDA.vdi' cannot be closed because it is still attached to 1 virtual machines}, preserve=false aResultDetail=0
01:38:14.673898 main     ERROR [COM]: aRC=VBOX_E_OBJECT_IN_USE (0x80bb000c) aIID={ad47ad09-787b-44ab-b343-a082a3f2dfb1} aComponent={MediumWrap} aText={Medium 'C:\Users\Aida\VirtualBox VMs\EJ5AIDA_\Snapshots/{fb94dcb6-2527-4c12-9af8-1372291d5dfc}.vdi' cannot be closed because it is still attached to 1 virtual machines}, preserve=false aResultDetail=0
01:38:14.674494 main     ERROR [COM]: aRC=VBOX_E_OBJECT_IN_USE (0x80bb000c) aIID={ad47ad09-787b-44ab-b343-a082a3f2dfb1} aComponent={MediumWrap} aText={Medium 'C:\Users\Aida\VirtualBox VMs\EJ5AIDA_\Snapshots/{4ec01542-99bd-4b79-8e07-f6ddc3e1bf8c}.vdi' cannot be closed because it is still attached to 1 virtual machines}, preserve=false aResultDetail=0
01:38:14.674859 main     ERROR [COM]: aRC=VBOX_E_OBJECT_IN_USE (0x80bb000c) aIID={ad47ad09-787b-44ab-b343-a082a3f2dfb1} aComponent={MediumWrap} aText={Medium 'C:\Users\Aida\VirtualBox VMs\EJ5AIDA_\Snapshots/{1ed3b3d9-85e6-49a5-bcc7-a09ecf5d28cd}.vdi' cannot be closed because it is still attached to 1 virtual machines}, preserve=false aResultDetail=0
01:38:14.675824 main     ERROR [COM]: aRC=VBOX_E_OBJECT_IN_USE (0x80bb000c) aIID={ad47ad09-787b-44ab-b343-a082a3f2dfb1} aComponent={MediumWrap} aText={Medium 'C:\Users\Aida\VirtualBox VMs\EJ5AIDA_\Snapshots/{33e12288-328c-4a55-a5be-ed00acde55f7}.vdi' cannot be closed because it is still attached to 1 virtual machines}, preserve=false aResultDetail=0
01:38:14.676226 main     ERROR [COM]: aRC=VBOX_E_OBJECT_IN_USE (0x80bb000c) aIID={ad47ad09-787b-44ab-b343-a082a3f2dfb1} aComponent={MediumWrap} aText={Medium 'C:\Users\Aida\VirtualBox VMs\EJ5AIDA_\Snapshots/{07757318-79a5-4932-892d-3b771a7a00c0}.vdi' cannot be closed because it is still attached to 1 virtual machines}, preserve=false aResultDetail=0
01:38:14.676479 main     ERROR [COM]: aRC=VBOX_E_OBJECT_IN_USE (0x80bb000c) aIID={ad47ad09-787b-44ab-b343-a082a3f2dfb1} aComponent={MediumWrap} aText={Medium 'C:\Users\Aida\VirtualBox VMs\EJ5AIDA_\EJ5AIDA .vdi' cannot be closed because it is still attached to 1 virtual machines}, preserve=false aResultDetail=0
01:38:14.687007 main     ERROR [COM]: aRC=VBOX_E_OBJECT_IN_USE (0x80bb000c) aIID={ad47ad09-787b-44ab-b343-a082a3f2dfb1} aComponent={MediumWrap} aText={Medium 'C:\Users\Aida\VirtualBox VMs\EJ6AIDA_\EJ1AIDA-disk001.vdi' cannot be closed because it is still attached to 1 virtual machines}, preserve=false aResultDetail=0
01:38:14.689376 main     ERROR [COM]: aRC=VBOX_E_OBJECT_IN_USE (0x80bb000c) aIID={ad47ad09-787b-44ab-b343-a082a3f2dfb1} aComponent={MediumWrap} aText={Medium 'C:\Users\Aida\VirtualBox VMs\Windows10_32\Windows10_32.vdi' cannot be closed because it is still attached to 1 virtual machines}, preserve=false aResultDetail=0
01:38:14.692359 main     ERROR [COM]: aRC=VBOX_E_OBJECT_IN_USE (0x80bb000c) aIID={ad47ad09-787b-44ab-b343-a082a3f2dfb1} aComponent={MediumWrap} aText={Medium 'C:\Users\Aida\VirtualBox VMs\Windows7\Snapshots/{5aeb6069-9204-46f0-ae80-aaadb17c58ad}.vdi' cannot be closed because it is still attached to 1 virtual machines}, preserve=false aResultDetail=0
01:38:14.693316 main     ERROR [COM]: aRC=VBOX_E_OBJECT_IN_USE (0x80bb000c) aIID={ad47ad09-787b-44ab-b343-a082a3f2dfb1} aComponent={MediumWrap} aText={Medium 'C:\Users\Aida\VirtualBox VMs\Windows7\Snapshots/{c9e966b0-b8a7-4d2b-8020-6cc9ef35a78d}.vdi' cannot be closed because it is still attached to 1 virtual machines}, preserve=false aResultDetail=0
01:38:14.693528 main     ERROR [COM]: aRC=VBOX_E_OBJECT_IN_USE (0x80bb000c) aIID={ad47ad09-787b-44ab-b343-a082a3f2dfb1} aComponent={MediumWrap} aText={Medium 'C:\Users\Aida\VirtualBox VMs\Windows7\Windows7.vdi' cannot be closed because it is still attached to 1 virtual machines}, preserve=false aResultDetail=0
01:38:14.693930 main     ERROR [COM]: aRC=VBOX_E_OBJECT_IN_USE (0x80bb000c) aIID={ad47ad09-787b-44ab-b343-a082a3f2dfb1} aComponent={MediumWrap} aText={Medium 'C:\Users\Aida\VirtualBox VMs\Windows7\Snapshots/{ab995489-06ec-49c3-9582-96d2bc14f982}.vdi' cannot be closed because it is still attached to 1 virtual machines}, preserve=false aResultDetail=0
01:38:14.694003 main     ERROR [COM]: aRC=VBOX_E_OBJECT_IN_USE (0x80bb000c) aIID={ad47ad09-787b-44ab-b343-a082a3f2dfb1} aComponent={MediumWrap} aText={Medium 'C:\Users\Aida\VirtualBox VMs\Windows7\Snapshots/{b6e9a051-35bb-45ee-9d92-de10ad2c4812}.vdi' cannot be closed because it is still attached to 1 virtual machines}, preserve=false aResultDetail=0
01:38:14.694052 main     ERROR [COM]: aRC=VBOX_E_OBJECT_IN_USE (0x80bb000c) aIID={ad47ad09-787b-44ab-b343-a082a3f2dfb1} aComponent={MediumWrap} aText={Medium 'C:\Users\Aida\VirtualBox VMs\Windows7\Windows7_2.vdi' cannot be closed because it is still attached to 1 virtual machines}, preserve=false aResultDetail=0
01:38:14.694098 main     ERROR [COM]: aRC=VBOX_E_OBJECT_IN_USE (0x80bb000c) aIID={ad47ad09-787b-44ab-b343-a082a3f2dfb1} aComponent={MediumWrap} aText={Medium 'C:\Users\Aida\VirtualBox VMs\Windows7\Snapshots/{05199a0e-4a1c-4df2-9dfa-95c01633eca7}.vdi' cannot be closed because it is still attached to 1 virtual machines}, preserve=false aResultDetail=0
01:38:14.694336 main     ERROR [COM]: aRC=VBOX_E_OBJECT_IN_USE (0x80bb000c) aIID={ad47ad09-787b-44ab-b343-a082a3f2dfb1} aComponent={MediumWrap} aText={Medium 'C:\Users\Aida\VirtualBox VMs\Windows7\Snapshots/{60ba4e5a-bba5-491e-9e50-afdf4ce84836}.vdi' cannot be closed because it is still attached to 1 virtual machines}, preserve=false aResultDetail=0
01:38:14.694470 main     ERROR [COM]: aRC=VBOX_E_OBJECT_IN_USE (0x80bb000c) aIID={ad47ad09-787b-44ab-b343-a082a3f2dfb1} aComponent={MediumWrap} aText={Medium 'C:\Users\Aida\VirtualBox VMs\Windows7\Windows7_3.vdi' cannot be closed because it is still attached to 1 virtual machines}, preserve=false aResultDetail=0
01:38:14.700894 main     ERROR [COM]: aRC=VBOX_E_OBJECT_IN_USE (0x80bb000c) aIID={ad47ad09-787b-44ab-b343-a082a3f2dfb1} aComponent={MediumWrap} aText={Medium 'C:\Users\Aida\VirtualBox VMs\Ubuntu 20\Ubuntu 20-disk001.vdi' cannot be closed because it is still attached to 1 virtual machines}, preserve=false aResultDetail=0
01:38:14.706572 main     HostDnsMonitor: shutting down ...
01:38:14.706720 main     HostDnsMonitor: shut down
01:38:14.716799 Watcher  ERROR [COM]: aRC=E_ACCESSDENIED (0x80070005) aIID={d0a0163f-e254-4e5b-a1f2-011cf991c38d} aComponent={VirtualBoxWrap} aText={The object is not ready}, preserve=false aResultDetail=0
01:38:14.719400 main     VirtualBox: object deleted
